<?xml version="1.0" encoding="UTF-8"?>
<!-- Generated by org.testng.reporters.JUnitReportReporter -->
<testsuite hostname="DESKTOP-CC8DTN0" failures="0" tests="1" name="Test1" time="1.023" errors="0" timestamp="2023-04-28T11:22:08 ALMT" skipped="0">
  <testcase classname="Test1" name="testInsertToDb" time="1.023"/>
  <system-out/>
</testsuite> <!-- Test1 -->
